<?xml version="1.0" encoding="UTF-8"?>
<!-- Generated by org.testng.reporters.JUnitReportReporter -->
<testsuite hostname="Bhavyas-MacBook-Pro.local" failures="0" tests="1" name="appium_bee.TestngWithEmulator" time="3.133" errors="0" timestamp="2023-05-22T22:01:54 IST" skipped="0">
  <testcase classname="appium_bee.TestngWithEmulator" name="testSearch" time="3.133"/>
  <system-out/>
</testsuite> <!-- appium_bee.TestngWithEmulator -->
