<?xml version="1.0" encoding="UTF-8"?>
<!-- Generated by org.testng.reporters.JUnitReportReporter -->
<testsuite hostname="Bhavyas-MacBook-Pro.local" failures="0" tests="2" name="appium_bee.TestngWithEmulator" time="4.899" errors="0" timestamp="2023-06-29T19:12:38 IST" skipped="0">
  <testcase classname="appium_bee.TestngWithEmulator" name="testSearch" time="4.634"/>
  <system-out/>
  <testcase classname="appium_bee.TestngWithEmulator" name="launchBrowser" time="0.265"/>
  <system-out/>
</testsuite> <!-- appium_bee.TestngWithEmulator -->
